[debug] ----------------------------------------------------------------------
[debug] Command:      C:\Program Files\nodejs\node.exe C:\Users\dayana\AppData\Roaming\npm\node_modules\firebase-tools\bin\firebase serve
[debug] CLI Version:  3.7.0
[debug] Platform:     win32
[debug] Node Version: v4.6.0
[debug] Time:         Mon May 15 2017 09:22:40 GMT+0200 (Hora de verano romance)
[debug] ----------------------------------------------------------------------
[debug] 
[debug] > command requires scopes: ["email","openid","https://www.googleapis.com/auth/cloudplatformprojects.readonly","https://www.googleapis.com/auth/firebase","https://www.googleapis.com/auth/cloud-platform"]
[debug] >>> HTTP REQUEST GET https://admin.firebase.com/v1/projects/blog-de-libros  
 Mon May 15 2017 09:22:40 GMT+0200 (Hora de verano romance)
[debug] <<< HTTP RESPONSE 200
[debug] >>> HTTP REQUEST GET https://admin.firebase.com/v1/database/blog-de-libros/tokens  
 Mon May 15 2017 09:22:41 GMT+0200 (Hora de verano romance)
[debug] <<< HTTP RESPONSE 200
[info] Starting Firebase development server...
[info] 
[info] Project Directory: C:\Users\dayana\Documents\GitHub\blog
[debug] >>> HTTP REQUEST GET https://cloudresourcemanager.googleapis.com/v1/projects/blog-de-libros  
 Mon May 15 2017 09:22:41 GMT+0200 (Hora de verano romance)
[debug] <<< HTTP RESPONSE 200
[debug] >>> HTTP REQUEST GET https://mobilesdk-pa.googleapis.com/v1/projects/113079444507/clients/_:getWebAppConfig  
 Mon May 15 2017 09:22:42 GMT+0200 (Hora de verano romance)
[debug] <<< HTTP RESPONSE 200
[info] Public Directory: public
[info] 
[info] Server listening at: http://localhost:5000
